This file contains any messages produced by compilers while
running configure, to aid debugging if configure makes a mistake.

It was created by KLEE configure 1.1.0, which was
generated by GNU Autoconf 2.69.  Invocation command line was

  $ ./configure --with-stp=../../../../stp/build --with-uclibc=../../../../klee-uclibc --enable-posix-runtime --with-z3=../../../../z3

## --------- ##
## Platform. ##
## --------- ##

hostname = tannguyen-Latitude-E5450
uname -m = x86_64
uname -r = 4.4.0-31-generic
uname -s = Linux
uname -v = #50~14.04.1-Ubuntu SMP Wed Jul 13 01:07:32 UTC 2016

/usr/bin/uname -p = unknown
/bin/uname -X     = unknown

/bin/arch              = unknown
/usr/bin/arch -k       = unknown
/usr/convex/getsysinfo = unknown
/usr/bin/hostinfo      = unknown
/bin/machine           = unknown
/usr/bin/oslevel       = unknown
/bin/universe          = unknown

PATH: /usr/local/sbin
PATH: /usr/local/bin
PATH: /usr/sbin
PATH: /usr/bin
PATH: /sbin
PATH: /bin
PATH: /usr/games
PATH: /usr/local/games


## ----------- ##
## Core tests. ##
## ----------- ##

configure:2524: checking for gcc
configure:2540: found /usr/bin/gcc
configure:2551: result: gcc
configure:2582: checking for C compiler version
configure:2591: gcc --version >&5
gcc (Ubuntu 4.8.4-2ubuntu1~14.04.3) 4.8.4
Copyright (C) 2013 Free Software Foundation, Inc.
This is free software; see the source for copying conditions.  There is NO
warranty; not even for MERCHANTABILITY or FITNESS FOR A PARTICULAR PURPOSE.

configure:2602: $? = 0
configure:2591: gcc -v >&5
Using built-in specs.
COLLECT_GCC=gcc
COLLECT_LTO_WRAPPER=/usr/lib/gcc/x86_64-linux-gnu/4.8/lto-wrapper
Target: x86_64-linux-gnu
Configured with: ../src/configure -v --with-pkgversion='Ubuntu 4.8.4-2ubuntu1~14.04.3' --with-bugurl=file:///usr/share/doc/gcc-4.8/README.Bugs --enable-languages=c,c++,java,go,d,fortran,objc,obj-c++ --prefix=/usr --program-suffix=-4.8 --enable-shared --enable-linker-build-id --libexecdir=/usr/lib --without-included-gettext --enable-threads=posix --with-gxx-include-dir=/usr/include/c++/4.8 --libdir=/usr/lib --enable-nls --with-sysroot=/ --enable-clocale=gnu --enable-libstdcxx-debug --enable-libstdcxx-time=yes --enable-gnu-unique-object --disable-libmudflap --enable-plugin --with-system-zlib --disable-browser-plugin --enable-java-awt=gtk --enable-gtk-cairo --with-java-home=/usr/lib/jvm/java-1.5.0-gcj-4.8-amd64/jre --enable-java-home --with-jvm-root-dir=/usr/lib/jvm/java-1.5.0-gcj-4.8-amd64 --with-jvm-jar-dir=/usr/lib/jvm-exports/java-1.5.0-gcj-4.8-amd64 --with-arch-directory=amd64 --with-ecj-jar=/usr/share/java/eclipse-ecj.jar --enable-objc-gc --enable-multiarch --disable-werror --with-arch-32=i686 --with-abi=m64 --with-multilib-list=m32,m64,mx32 --with-tune=generic --enable-checking=release --build=x86_64-linux-gnu --host=x86_64-linux-gnu --target=x86_64-linux-gnu
Thread model: posix
gcc version 4.8.4 (Ubuntu 4.8.4-2ubuntu1~14.04.3) 
configure:2602: $? = 0
configure:2591: gcc -V >&5
gcc: error: unrecognized command line option '-V'
gcc: fatal error: no input files
compilation terminated.
configure:2602: $? = 4
configure:2591: gcc -qversion >&5
gcc: error: unrecognized command line option '-qversion'
gcc: fatal error: no input files
compilation terminated.
configure:2602: $? = 4
configure:2622: checking whether the C compiler works
configure:2644: gcc    conftest.c  >&5
configure:2648: $? = 0
configure:2696: result: yes
configure:2699: checking for C compiler default output file name
configure:2701: result: a.out
configure:2707: checking for suffix of executables
configure:2714: gcc -o conftest    conftest.c  >&5
configure:2718: $? = 0
configure:2740: result: 
configure:2762: checking whether we are cross compiling
configure:2770: gcc -o conftest    conftest.c  >&5
configure:2774: $? = 0
configure:2781: ./conftest
configure:2785: $? = 0
configure:2800: result: no
configure:2805: checking for suffix of object files
configure:2827: gcc -c   conftest.c >&5
configure:2831: $? = 0
configure:2852: result: o
configure:2856: checking whether we are using the GNU C compiler
configure:2875: gcc -c   conftest.c >&5
configure:2875: $? = 0
configure:2884: result: yes
configure:2893: checking whether gcc accepts -g
configure:2913: gcc -c -g  conftest.c >&5
configure:2913: $? = 0
configure:2954: result: yes
configure:2971: checking for gcc option to accept ISO C89
configure:3034: gcc  -c -g -O2  conftest.c >&5
configure:3034: $? = 0
configure:3047: result: none needed
configure:3125: checking for g++
configure:3141: found /usr/bin/g++
configure:3152: result: g++
configure:3179: checking for C++ compiler version
configure:3188: g++ --version >&5
g++ (Ubuntu 4.8.4-2ubuntu1~14.04.3) 4.8.4
Copyright (C) 2013 Free Software Foundation, Inc.
This is free software; see the source for copying conditions.  There is NO
warranty; not even for MERCHANTABILITY or FITNESS FOR A PARTICULAR PURPOSE.

configure:3199: $? = 0
configure:3188: g++ -v >&5
Using built-in specs.
COLLECT_GCC=g++
COLLECT_LTO_WRAPPER=/usr/lib/gcc/x86_64-linux-gnu/4.8/lto-wrapper
Target: x86_64-linux-gnu
Configured with: ../src/configure -v --with-pkgversion='Ubuntu 4.8.4-2ubuntu1~14.04.3' --with-bugurl=file:///usr/share/doc/gcc-4.8/README.Bugs --enable-languages=c,c++,java,go,d,fortran,objc,obj-c++ --prefix=/usr --program-suffix=-4.8 --enable-shared --enable-linker-build-id --libexecdir=/usr/lib --without-included-gettext --enable-threads=posix --with-gxx-include-dir=/usr/include/c++/4.8 --libdir=/usr/lib --enable-nls --with-sysroot=/ --enable-clocale=gnu --enable-libstdcxx-debug --enable-libstdcxx-time=yes --enable-gnu-unique-object --disable-libmudflap --enable-plugin --with-system-zlib --disable-browser-plugin --enable-java-awt=gtk --enable-gtk-cairo --with-java-home=/usr/lib/jvm/java-1.5.0-gcj-4.8-amd64/jre --enable-java-home --with-jvm-root-dir=/usr/lib/jvm/java-1.5.0-gcj-4.8-amd64 --with-jvm-jar-dir=/usr/lib/jvm-exports/java-1.5.0-gcj-4.8-amd64 --with-arch-directory=amd64 --with-ecj-jar=/usr/share/java/eclipse-ecj.jar --enable-objc-gc --enable-multiarch --disable-werror --with-arch-32=i686 --with-abi=m64 --with-multilib-list=m32,m64,mx32 --with-tune=generic --enable-checking=release --build=x86_64-linux-gnu --host=x86_64-linux-gnu --target=x86_64-linux-gnu
Thread model: posix
gcc version 4.8.4 (Ubuntu 4.8.4-2ubuntu1~14.04.3) 
configure:3199: $? = 0
configure:3188: g++ -V >&5
g++: error: unrecognized command line option '-V'
g++: fatal error: no input files
compilation terminated.
configure:3199: $? = 4
configure:3188: g++ -qversion >&5
g++: error: unrecognized command line option '-qversion'
g++: fatal error: no input files
compilation terminated.
configure:3199: $? = 4
configure:3203: checking whether we are using the GNU C++ compiler
configure:3222: g++ -c   conftest.cpp >&5
configure:3222: $? = 0
configure:3231: result: yes
configure:3240: checking whether g++ accepts -g
configure:3260: g++ -c -g  conftest.cpp >&5
configure:3260: $? = 0
configure:3301: result: yes
configure:3340: checking build system type
configure:3354: result: x86_64-unknown-linux-gnu
configure:3374: checking host system type
configure:3387: result: x86_64-unknown-linux-gnu
configure:3407: checking target system type
configure:3420: result: x86_64-unknown-linux-gnu
configure:3447: checking type of operating system we're going to host on
configure:3459: result: 
configure:3470: checking llvm source dir
configure:3511: result: /usr/lib/llvm-3.4/build
configure:3514: checking llvm obj dir
configure:3516: result: /usr/lib/llvm-3.4/build
configure:3524: checking llvm package version
configure:3527: result: 3.4.2
configure:3532: checking llvm version major
configure:3535: result: 3
configure:3538: checking llvm version minor
configure:3541: result: 4
configure:3544: checking llvm is release version
configure:3552: result: 1
configure:3593: checking if LLVM needs C++11
configure:3600: result: no
configure:3642: checking llvm build mode
configure:3661: result: Release
configure:3666: checking llvm has asserts enabled
configure:3678: result: 0
configure:3682: checking LLVM Bitcode compiler
configure:3713: result: Found clang in LLVM Build
configure:3929: result: Using C llvm compiler : /usr/lib/llvm-3.4/build/Release/bin/clang
configure:3931: result: Using C++ llvm compiler : /usr/lib/llvm-3.4/build/Release/bin/clang++
configure:3937: checking C LLVM Bitcode compiler works
configure:3959: result: Success
configure:3937: checking CXX LLVM Bitcode compiler works
configure:3959: result: Success
configure:3990: checking uclibc
configure:4014: result: /home/tannguyen/klee-uclibc/lib/libc.a
configure:4039: checking POSIX runtime
configure:4058: result: yes
configure:4087: checking runtime configuration
configure:4099: result: Release+Asserts
configure:4160: checking how to run the C preprocessor
configure:4191: gcc -E  conftest.c
configure:4191: $? = 0
configure:4205: gcc -E  conftest.c
conftest.c:15:28: fatal error: ac_nonexistent.h: No such file or directory
 #include <ac_nonexistent.h>
                            ^
compilation terminated.
configure:4205: $? = 1
configure: failed program was:
| /* confdefs.h */
| #define PACKAGE_NAME "KLEE"
| #define PACKAGE_TARNAME "klee-"
| #define PACKAGE_VERSION "1.1.0"
| #define PACKAGE_STRING "KLEE 1.1.0"
| #define PACKAGE_BUGREPORT "klee-dev@imperial.ac.uk"
| #define PACKAGE_URL "https://klee.github.io"
| #define LLVM_VERSION_MAJOR 3
| #define LLVM_VERSION_MINOR 4
| #define LLVM_IS_RELEASE 1
| #define SUPPORT_KLEE_UCLIBC 1
| #define RUNTIME_CONFIGURATION "Release+Asserts"
| #define HAVE_CTYPE_EXTERNALS 1
| /* end confdefs.h.  */
| #include <ac_nonexistent.h>
configure:4230: result: gcc -E
configure:4250: gcc -E  conftest.c
configure:4250: $? = 0
configure:4264: gcc -E  conftest.c
conftest.c:15:28: fatal error: ac_nonexistent.h: No such file or directory
 #include <ac_nonexistent.h>
                            ^
compilation terminated.
configure:4264: $? = 1
configure: failed program was:
| /* confdefs.h */
| #define PACKAGE_NAME "KLEE"
| #define PACKAGE_TARNAME "klee-"
| #define PACKAGE_VERSION "1.1.0"
| #define PACKAGE_STRING "KLEE 1.1.0"
| #define PACKAGE_BUGREPORT "klee-dev@imperial.ac.uk"
| #define PACKAGE_URL "https://klee.github.io"
| #define LLVM_VERSION_MAJOR 3
| #define LLVM_VERSION_MINOR 4
| #define LLVM_IS_RELEASE 1
| #define SUPPORT_KLEE_UCLIBC 1
| #define RUNTIME_CONFIGURATION "Release+Asserts"
| #define HAVE_CTYPE_EXTERNALS 1
| /* end confdefs.h.  */
| #include <ac_nonexistent.h>
configure:4293: checking for grep that handles long lines and -e
configure:4351: result: /bin/grep
configure:4356: checking for egrep
configure:4418: result: /bin/grep -E
configure:4423: checking for ANSI C header files
configure:4443: gcc -c -g -O2  conftest.c >&5
configure:4443: $? = 0
configure:4516: gcc -o conftest -g -O2   conftest.c  >&5
configure:4516: $? = 0
configure:4516: ./conftest
configure:4516: $? = 0
configure:4527: result: yes
configure:4540: checking for sys/types.h
configure:4540: gcc -c -g -O2  conftest.c >&5
configure:4540: $? = 0
configure:4540: result: yes
configure:4540: checking for sys/stat.h
configure:4540: gcc -c -g -O2  conftest.c >&5
configure:4540: $? = 0
configure:4540: result: yes
configure:4540: checking for stdlib.h
configure:4540: gcc -c -g -O2  conftest.c >&5
configure:4540: $? = 0
configure:4540: result: yes
configure:4540: checking for string.h
configure:4540: gcc -c -g -O2  conftest.c >&5
configure:4540: $? = 0
configure:4540: result: yes
configure:4540: checking for memory.h
configure:4540: gcc -c -g -O2  conftest.c >&5
configure:4540: $? = 0
configure:4540: result: yes
configure:4540: checking for strings.h
configure:4540: gcc -c -g -O2  conftest.c >&5
configure:4540: $? = 0
configure:4540: result: yes
configure:4540: checking for inttypes.h
configure:4540: gcc -c -g -O2  conftest.c >&5
configure:4540: $? = 0
configure:4540: result: yes
configure:4540: checking for stdint.h
configure:4540: gcc -c -g -O2  conftest.c >&5
configure:4540: $? = 0
configure:4540: result: yes
configure:4540: checking for unistd.h
configure:4540: gcc -c -g -O2  conftest.c >&5
configure:4540: $? = 0
configure:4540: result: yes
configure:4554: checking sys/acl.h usability
configure:4554: gcc -c -g -O2  conftest.c >&5
conftest.c:58:21: fatal error: sys/acl.h: No such file or directory
 #include <sys/acl.h>
                     ^
compilation terminated.
configure:4554: $? = 1
configure: failed program was:
| /* confdefs.h */
| #define PACKAGE_NAME "KLEE"
| #define PACKAGE_TARNAME "klee-"
| #define PACKAGE_VERSION "1.1.0"
| #define PACKAGE_STRING "KLEE 1.1.0"
| #define PACKAGE_BUGREPORT "klee-dev@imperial.ac.uk"
| #define PACKAGE_URL "https://klee.github.io"
| #define LLVM_VERSION_MAJOR 3
| #define LLVM_VERSION_MINOR 4
| #define LLVM_IS_RELEASE 1
| #define SUPPORT_KLEE_UCLIBC 1
| #define RUNTIME_CONFIGURATION "Release+Asserts"
| #define HAVE_CTYPE_EXTERNALS 1
| #define STDC_HEADERS 1
| #define HAVE_SYS_TYPES_H 1
| #define HAVE_SYS_STAT_H 1
| #define HAVE_STDLIB_H 1
| #define HAVE_STRING_H 1
| #define HAVE_MEMORY_H 1
| #define HAVE_STRINGS_H 1
| #define HAVE_INTTYPES_H 1
| #define HAVE_STDINT_H 1
| #define HAVE_UNISTD_H 1
| /* end confdefs.h.  */
| #include <stdio.h>
| #ifdef HAVE_SYS_TYPES_H
| # include <sys/types.h>
| #endif
| #ifdef HAVE_SYS_STAT_H
| # include <sys/stat.h>
| #endif
| #ifdef STDC_HEADERS
| # include <stdlib.h>
| # include <stddef.h>
| #else
| # ifdef HAVE_STDLIB_H
| #  include <stdlib.h>
| # endif
| #endif
| #ifdef HAVE_STRING_H
| # if !defined STDC_HEADERS && defined HAVE_MEMORY_H
| #  include <memory.h>
| # endif
| # include <string.h>
| #endif
| #ifdef HAVE_STRINGS_H
| # include <strings.h>
| #endif
| #ifdef HAVE_INTTYPES_H
| # include <inttypes.h>
| #endif
| #ifdef HAVE_STDINT_H
| # include <stdint.h>
| #endif
| #ifdef HAVE_UNISTD_H
| # include <unistd.h>
| #endif
| #include <sys/acl.h>
configure:4554: result: no
configure:4554: checking sys/acl.h presence
configure:4554: gcc -E  conftest.c
conftest.c:25:21: fatal error: sys/acl.h: No such file or directory
 #include <sys/acl.h>
                     ^
compilation terminated.
configure:4554: $? = 1
configure: failed program was:
| /* confdefs.h */
| #define PACKAGE_NAME "KLEE"
| #define PACKAGE_TARNAME "klee-"
| #define PACKAGE_VERSION "1.1.0"
| #define PACKAGE_STRING "KLEE 1.1.0"
| #define PACKAGE_BUGREPORT "klee-dev@imperial.ac.uk"
| #define PACKAGE_URL "https://klee.github.io"
| #define LLVM_VERSION_MAJOR 3
| #define LLVM_VERSION_MINOR 4
| #define LLVM_IS_RELEASE 1
| #define SUPPORT_KLEE_UCLIBC 1
| #define RUNTIME_CONFIGURATION "Release+Asserts"
| #define HAVE_CTYPE_EXTERNALS 1
| #define STDC_HEADERS 1
| #define HAVE_SYS_TYPES_H 1
| #define HAVE_SYS_STAT_H 1
| #define HAVE_STDLIB_H 1
| #define HAVE_STRING_H 1
| #define HAVE_MEMORY_H 1
| #define HAVE_STRINGS_H 1
| #define HAVE_INTTYPES_H 1
| #define HAVE_STDINT_H 1
| #define HAVE_UNISTD_H 1
| /* end confdefs.h.  */
| #include <sys/acl.h>
configure:4554: result: no
configure:4554: checking for sys/acl.h
configure:4554: result: no
configure:4565: checking for cap_get_proc in -lcap
configure:4590: gcc -o conftest -g -O2   conftest.c -lcap   >&5
configure:4590: $? = 0
configure:4599: result: yes
configure:4610: checking sys/capability.h usability
configure:4610: gcc -c -g -O2  conftest.c >&5
configure:4610: $? = 0
configure:4610: result: yes
configure:4610: checking sys/capability.h presence
configure:4610: gcc -E  conftest.c
configure:4610: $? = 0
configure:4610: result: yes
configure:4610: checking for sys/capability.h
configure:4610: result: yes
configure:4642: checking how to run the C++ preprocessor
configure:4669: g++ -E  conftest.cpp
configure:4669: $? = 0
configure:4683: g++ -E  conftest.cpp
conftest.cpp:26:28: fatal error: ac_nonexistent.h: No such file or directory
 #include <ac_nonexistent.h>
                            ^
compilation terminated.
configure:4683: $? = 1
configure: failed program was:
| /* confdefs.h */
| #define PACKAGE_NAME "KLEE"
| #define PACKAGE_TARNAME "klee-"
| #define PACKAGE_VERSION "1.1.0"
| #define PACKAGE_STRING "KLEE 1.1.0"
| #define PACKAGE_BUGREPORT "klee-dev@imperial.ac.uk"
| #define PACKAGE_URL "https://klee.github.io"
| #define LLVM_VERSION_MAJOR 3
| #define LLVM_VERSION_MINOR 4
| #define LLVM_IS_RELEASE 1
| #define SUPPORT_KLEE_UCLIBC 1
| #define RUNTIME_CONFIGURATION "Release+Asserts"
| #define HAVE_CTYPE_EXTERNALS 1
| #define STDC_HEADERS 1
| #define HAVE_SYS_TYPES_H 1
| #define HAVE_SYS_STAT_H 1
| #define HAVE_STDLIB_H 1
| #define HAVE_STRING_H 1
| #define HAVE_MEMORY_H 1
| #define HAVE_STRINGS_H 1
| #define HAVE_INTTYPES_H 1
| #define HAVE_STDINT_H 1
| #define HAVE_UNISTD_H 1
| #define HAVE_SYS_CAPABILITY_H 1
| /* end confdefs.h.  */
| #include <ac_nonexistent.h>
configure:4708: result: g++ -E
configure:4728: g++ -E  conftest.cpp
configure:4728: $? = 0
configure:4742: g++ -E  conftest.cpp
conftest.cpp:26:28: fatal error: ac_nonexistent.h: No such file or directory
 #include <ac_nonexistent.h>
                            ^
compilation terminated.
configure:4742: $? = 1
configure: failed program was:
| /* confdefs.h */
| #define PACKAGE_NAME "KLEE"
| #define PACKAGE_TARNAME "klee-"
| #define PACKAGE_VERSION "1.1.0"
| #define PACKAGE_STRING "KLEE 1.1.0"
| #define PACKAGE_BUGREPORT "klee-dev@imperial.ac.uk"
| #define PACKAGE_URL "https://klee.github.io"
| #define LLVM_VERSION_MAJOR 3
| #define LLVM_VERSION_MINOR 4
| #define LLVM_IS_RELEASE 1
| #define SUPPORT_KLEE_UCLIBC 1
| #define RUNTIME_CONFIGURATION "Release+Asserts"
| #define HAVE_CTYPE_EXTERNALS 1
| #define STDC_HEADERS 1
| #define HAVE_SYS_TYPES_H 1
| #define HAVE_SYS_STAT_H 1
| #define HAVE_STDLIB_H 1
| #define HAVE_STRING_H 1
| #define HAVE_MEMORY_H 1
| #define HAVE_STRINGS_H 1
| #define HAVE_INTTYPES_H 1
| #define HAVE_STDINT_H 1
| #define HAVE_UNISTD_H 1
| #define HAVE_SYS_CAPABILITY_H 1
| /* end confdefs.h.  */
| #include <ac_nonexistent.h>
configure:4773: checking selinux/selinux.h usability
configure:4773: g++ -c -g -O2  conftest.cpp >&5
conftest.cpp:59:29: fatal error: selinux/selinux.h: No such file or directory
 #include <selinux/selinux.h>
                             ^
compilation terminated.
configure:4773: $? = 1
configure: failed program was:
| /* confdefs.h */
| #define PACKAGE_NAME "KLEE"
| #define PACKAGE_TARNAME "klee-"
| #define PACKAGE_VERSION "1.1.0"
| #define PACKAGE_STRING "KLEE 1.1.0"
| #define PACKAGE_BUGREPORT "klee-dev@imperial.ac.uk"
| #define PACKAGE_URL "https://klee.github.io"
| #define LLVM_VERSION_MAJOR 3
| #define LLVM_VERSION_MINOR 4
| #define LLVM_IS_RELEASE 1
| #define SUPPORT_KLEE_UCLIBC 1
| #define RUNTIME_CONFIGURATION "Release+Asserts"
| #define HAVE_CTYPE_EXTERNALS 1
| #define STDC_HEADERS 1
| #define HAVE_SYS_TYPES_H 1
| #define HAVE_SYS_STAT_H 1
| #define HAVE_STDLIB_H 1
| #define HAVE_STRING_H 1
| #define HAVE_MEMORY_H 1
| #define HAVE_STRINGS_H 1
| #define HAVE_INTTYPES_H 1
| #define HAVE_STDINT_H 1
| #define HAVE_UNISTD_H 1
| #define HAVE_SYS_CAPABILITY_H 1
| /* end confdefs.h.  */
| #include <stdio.h>
| #ifdef HAVE_SYS_TYPES_H
| # include <sys/types.h>
| #endif
| #ifdef HAVE_SYS_STAT_H
| # include <sys/stat.h>
| #endif
| #ifdef STDC_HEADERS
| # include <stdlib.h>
| # include <stddef.h>
| #else
| # ifdef HAVE_STDLIB_H
| #  include <stdlib.h>
| # endif
| #endif
| #ifdef HAVE_STRING_H
| # if !defined STDC_HEADERS && defined HAVE_MEMORY_H
| #  include <memory.h>
| # endif
| # include <string.h>
| #endif
| #ifdef HAVE_STRINGS_H
| # include <strings.h>
| #endif
| #ifdef HAVE_INTTYPES_H
| # include <inttypes.h>
| #endif
| #ifdef HAVE_STDINT_H
| # include <stdint.h>
| #endif
| #ifdef HAVE_UNISTD_H
| # include <unistd.h>
| #endif
| #include <selinux/selinux.h>
configure:4773: result: no
configure:4773: checking selinux/selinux.h presence
configure:4773: g++ -E  conftest.cpp
conftest.cpp:26:29: fatal error: selinux/selinux.h: No such file or directory
 #include <selinux/selinux.h>
                             ^
compilation terminated.
configure:4773: $? = 1
configure: failed program was:
| /* confdefs.h */
| #define PACKAGE_NAME "KLEE"
| #define PACKAGE_TARNAME "klee-"
| #define PACKAGE_VERSION "1.1.0"
| #define PACKAGE_STRING "KLEE 1.1.0"
| #define PACKAGE_BUGREPORT "klee-dev@imperial.ac.uk"
| #define PACKAGE_URL "https://klee.github.io"
| #define LLVM_VERSION_MAJOR 3
| #define LLVM_VERSION_MINOR 4
| #define LLVM_IS_RELEASE 1
| #define SUPPORT_KLEE_UCLIBC 1
| #define RUNTIME_CONFIGURATION "Release+Asserts"
| #define HAVE_CTYPE_EXTERNALS 1
| #define STDC_HEADERS 1
| #define HAVE_SYS_TYPES_H 1
| #define HAVE_SYS_STAT_H 1
| #define HAVE_STDLIB_H 1
| #define HAVE_STRING_H 1
| #define HAVE_MEMORY_H 1
| #define HAVE_STRINGS_H 1
| #define HAVE_INTTYPES_H 1
| #define HAVE_STDINT_H 1
| #define HAVE_UNISTD_H 1
| #define HAVE_SYS_CAPABILITY_H 1
| /* end confdefs.h.  */
| #include <selinux/selinux.h>
configure:4773: result: no
configure:4773: checking for selinux/selinux.h
configure:4773: result: no
configure:4791: checking malloc/malloc.h usability
configure:4791: g++ -c -g -O2  conftest.cpp >&5
conftest.cpp:59:27: fatal error: malloc/malloc.h: No such file or directory
 #include <malloc/malloc.h>
                           ^
compilation terminated.
configure:4791: $? = 1
configure: failed program was:
| /* confdefs.h */
| #define PACKAGE_NAME "KLEE"
| #define PACKAGE_TARNAME "klee-"
| #define PACKAGE_VERSION "1.1.0"
| #define PACKAGE_STRING "KLEE 1.1.0"
| #define PACKAGE_BUGREPORT "klee-dev@imperial.ac.uk"
| #define PACKAGE_URL "https://klee.github.io"
| #define LLVM_VERSION_MAJOR 3
| #define LLVM_VERSION_MINOR 4
| #define LLVM_IS_RELEASE 1
| #define SUPPORT_KLEE_UCLIBC 1
| #define RUNTIME_CONFIGURATION "Release+Asserts"
| #define HAVE_CTYPE_EXTERNALS 1
| #define STDC_HEADERS 1
| #define HAVE_SYS_TYPES_H 1
| #define HAVE_SYS_STAT_H 1
| #define HAVE_STDLIB_H 1
| #define HAVE_STRING_H 1
| #define HAVE_MEMORY_H 1
| #define HAVE_STRINGS_H 1
| #define HAVE_INTTYPES_H 1
| #define HAVE_STDINT_H 1
| #define HAVE_UNISTD_H 1
| #define HAVE_SYS_CAPABILITY_H 1
| /* end confdefs.h.  */
| #include <stdio.h>
| #ifdef HAVE_SYS_TYPES_H
| # include <sys/types.h>
| #endif
| #ifdef HAVE_SYS_STAT_H
| # include <sys/stat.h>
| #endif
| #ifdef STDC_HEADERS
| # include <stdlib.h>
| # include <stddef.h>
| #else
| # ifdef HAVE_STDLIB_H
| #  include <stdlib.h>
| # endif
| #endif
| #ifdef HAVE_STRING_H
| # if !defined STDC_HEADERS && defined HAVE_MEMORY_H
| #  include <memory.h>
| # endif
| # include <string.h>
| #endif
| #ifdef HAVE_STRINGS_H
| # include <strings.h>
| #endif
| #ifdef HAVE_INTTYPES_H
| # include <inttypes.h>
| #endif
| #ifdef HAVE_STDINT_H
| # include <stdint.h>
| #endif
| #ifdef HAVE_UNISTD_H
| # include <unistd.h>
| #endif
| #include <malloc/malloc.h>
configure:4791: result: no
configure:4791: checking malloc/malloc.h presence
configure:4791: g++ -E  conftest.cpp
conftest.cpp:26:27: fatal error: malloc/malloc.h: No such file or directory
 #include <malloc/malloc.h>
                           ^
compilation terminated.
configure:4791: $? = 1
configure: failed program was:
| /* confdefs.h */
| #define PACKAGE_NAME "KLEE"
| #define PACKAGE_TARNAME "klee-"
| #define PACKAGE_VERSION "1.1.0"
| #define PACKAGE_STRING "KLEE 1.1.0"
| #define PACKAGE_BUGREPORT "klee-dev@imperial.ac.uk"
| #define PACKAGE_URL "https://klee.github.io"
| #define LLVM_VERSION_MAJOR 3
| #define LLVM_VERSION_MINOR 4
| #define LLVM_IS_RELEASE 1
| #define SUPPORT_KLEE_UCLIBC 1
| #define RUNTIME_CONFIGURATION "Release+Asserts"
| #define HAVE_CTYPE_EXTERNALS 1
| #define STDC_HEADERS 1
| #define HAVE_SYS_TYPES_H 1
| #define HAVE_SYS_STAT_H 1
| #define HAVE_STDLIB_H 1
| #define HAVE_STRING_H 1
| #define HAVE_MEMORY_H 1
| #define HAVE_STRINGS_H 1
| #define HAVE_INTTYPES_H 1
| #define HAVE_STDINT_H 1
| #define HAVE_UNISTD_H 1
| #define HAVE_SYS_CAPABILITY_H 1
| /* end confdefs.h.  */
| #include <malloc/malloc.h>
configure:4791: result: no
configure:4791: checking for malloc/malloc.h
configure:4791: result: no
configure:4803: checking for malloc_zone_statistics
configure:4803: g++ -o conftest -g -O2   conftest.cpp  >&5
/tmp/ccCyFtP0.o: In function `main':
/home/tannguyen/Dropbox/NUS/Test_Merge/TracerX_Taint/conftest.cpp:60: undefined reference to `malloc_zone_statistics'
collect2: error: ld returned 1 exit status
configure:4803: $? = 1
configure: failed program was:
| /* confdefs.h */
| #define PACKAGE_NAME "KLEE"
| #define PACKAGE_TARNAME "klee-"
| #define PACKAGE_VERSION "1.1.0"
| #define PACKAGE_STRING "KLEE 1.1.0"
| #define PACKAGE_BUGREPORT "klee-dev@imperial.ac.uk"
| #define PACKAGE_URL "https://klee.github.io"
| #define LLVM_VERSION_MAJOR 3
| #define LLVM_VERSION_MINOR 4
| #define LLVM_IS_RELEASE 1
| #define SUPPORT_KLEE_UCLIBC 1
| #define RUNTIME_CONFIGURATION "Release+Asserts"
| #define HAVE_CTYPE_EXTERNALS 1
| #define STDC_HEADERS 1
| #define HAVE_SYS_TYPES_H 1
| #define HAVE_SYS_STAT_H 1
| #define HAVE_STDLIB_H 1
| #define HAVE_STRING_H 1
| #define HAVE_MEMORY_H 1
| #define HAVE_STRINGS_H 1
| #define HAVE_INTTYPES_H 1
| #define HAVE_STDINT_H 1
| #define HAVE_UNISTD_H 1
| #define HAVE_SYS_CAPABILITY_H 1
| /* end confdefs.h.  */
| /* Define malloc_zone_statistics to an innocuous variant, in case <limits.h> declares malloc_zone_statistics.
|    For example, HP-UX 11i <limits.h> declares gettimeofday.  */
| #define malloc_zone_statistics innocuous_malloc_zone_statistics
| 
| /* System header to define __stub macros and hopefully few prototypes,
|     which can conflict with char malloc_zone_statistics (); below.
|     Prefer <limits.h> to <assert.h> if __STDC__ is defined, since
|     <limits.h> exists even on freestanding compilers.  */
| 
| #ifdef __STDC__
| # include <limits.h>
| #else
| # include <assert.h>
| #endif
| 
| #undef malloc_zone_statistics
| 
| /* Override any GCC internal prototype to avoid an error.
|    Use char because int might match the return type of a GCC
|    builtin and then its argument prototype would still apply.  */
| #ifdef __cplusplus
| extern "C"
| #endif
| char malloc_zone_statistics ();
| /* The GNU C library defines this for functions which it implements
|     to always fail with ENOSYS.  Some functions are actually named
|     something starting with __ and the normal name is an alias.  */
| #if defined __stub_malloc_zone_statistics || defined __stub___malloc_zone_statistics
| choke me
| #endif
| 
| int
| main ()
| {
| return malloc_zone_statistics ();
|   ;
|   return 0;
| }
configure:4803: result: no
configure:4812: checking for library containing mallinfo
configure:4843: g++ -o conftest -g -O2   conftest.cpp  >&5
configure:4843: $? = 0
configure:4860: result: none required
configure:4899: checking stp/c_interface.h usability
configure:4899: g++ -c -g -O2  -I/home/tannguyen/stp/build/include conftest.cpp >&5
configure:4899: $? = 0
configure:4899: result: yes
configure:4899: checking stp/c_interface.h presence
configure:4899: g++ -E  -I/home/tannguyen/stp/build/include conftest.cpp
configure:4899: $? = 0
configure:4899: result: yes
configure:4899: checking for stp/c_interface.h
configure:4899: result: yes
configure:4912: checking for vc_setInterfaceFlags in -lstp
configure:4937: g++ -o conftest -g -O2   conftest.cpp -lstp -L/home/tannguyen/stp/build/lib  >&5
/home/tannguyen/stp/build/lib/libstp.a(RunTimes.cpp.o): In function `RunTimes::print()':
/home/tannguyen/stp/lib/AST/RunTimes.cpp:105: undefined reference to `Minisat::memUsed()'
/home/tannguyen/stp/build/lib/libstp.a(RunTimes.cpp.o): In function `RunTimes::getDifference()':
/home/tannguyen/stp/lib/AST/RunTimes.cpp:118: undefined reference to `Minisat::memUsed()'
/home/tannguyen/stp/build/lib/libstp.a(SimplifyingMinisat.cpp.o): In function `stp::SimplifyingMinisat::newVar()':
/home/tannguyen/stp/lib/Sat/SimplifyingMinisat.cpp:102: undefined reference to `Minisat::SimpSolver::newVar(Minisat::lbool, bool)'
/home/tannguyen/stp/build/lib/libstp.a(SimplifyingMinisat.cpp.o): In function `stp::SimplifyingMinisat::SimplifyingMinisat()':
/home/tannguyen/stp/lib/Sat/SimplifyingMinisat.cpp:40: undefined reference to `Minisat::SimpSolver::SimpSolver()'
/home/tannguyen/stp/build/lib/libstp.a(SimplifyingMinisat.cpp.o): In function `stp::SimplifyingMinisat::solve(bool&)':
/home/tannguyen/stp/lib/Sat/SimplifyingMinisat.cpp:68: undefined reference to `Minisat::Solver::simplify()'
/home/tannguyen/stp/build/lib/libstp.a(SimplifyingMinisat.cpp.o): In function `Minisat::SimpSolver::solveLimited(Minisat::vec<Minisat::Lit, int> const&, bool, bool)':
/usr/include/minisat/simp/SimpSolver.h:217: undefined reference to `Minisat::SimpSolver::solve_(bool, bool)'
/home/tannguyen/stp/build/lib/libstp.a(SimplifyingMinisat.cpp.o): In function `stp::SimplifyingMinisat::simplify()':
/home/tannguyen/stp/lib/Sat/SimplifyingMinisat.cpp:82: undefined reference to `Minisat::Solver::simplify()'
/home/tannguyen/stp/build/lib/libstp.a(SimplifyingMinisat.cpp.o): In function `Minisat::SimpSolver::addClause(Minisat::vec<Minisat::Lit, int> const&)':
/usr/include/minisat/simp/SimpSolver.h:186: undefined reference to `Minisat::SimpSolver::addClause_(Minisat::vec<Minisat::Lit, int>&)'
/home/tannguyen/stp/build/lib/libstp.a(MinisatCore.cpp.o): In function `stp::MinisatCore::newVar()':
/home/tannguyen/stp/lib/Sat/MinisatCore.cpp:93: undefined reference to `Minisat::Solver::newVar(Minisat::lbool, bool)'
/home/tannguyen/stp/build/lib/libstp.a(MinisatCore.cpp.o): In function `stp::MinisatCore::MinisatCore()':
/home/tannguyen/stp/lib/Sat/MinisatCore.cpp:46: undefined reference to `Minisat::Solver::Solver()'
/home/tannguyen/stp/build/lib/libstp.a(MinisatCore.cpp.o): In function `stp::MinisatCore::solve(bool&)':
/home/tannguyen/stp/lib/Sat/MinisatCore.cpp:74: undefined reference to `Minisat::Solver::simplify()'
/home/tannguyen/stp/build/lib/libstp.a(MinisatCore.cpp.o): In function `Minisat::Solver::solveLimited(Minisat::vec<Minisat::Lit, int> const&)':
/usr/include/minisat/core/Solver.h:387: undefined reference to `Minisat::Solver::solve_()'
/home/tannguyen/stp/build/lib/libstp.a(MinisatCore.cpp.o): In function `stp::MinisatCore::simplify()':
/home/tannguyen/stp/lib/Sat/MinisatCore.cpp:123: undefined reference to `Minisat::Solver::simplify()'
/home/tannguyen/stp/build/lib/libstp.a(MinisatCore.cpp.o): In function `Minisat::Solver::addClause(Minisat::vec<Minisat::Lit, int> const&)':
/usr/include/minisat/core/Solver.h:337: undefined reference to `Minisat::Solver::addClause_(Minisat::vec<Minisat::Lit, int>&)'
collect2: error: ld returned 1 exit status
configure:4937: $? = 1
configure: failed program was:
| /* confdefs.h */
| #define PACKAGE_NAME "KLEE"
| #define PACKAGE_TARNAME "klee-"
| #define PACKAGE_VERSION "1.1.0"
| #define PACKAGE_STRING "KLEE 1.1.0"
| #define PACKAGE_BUGREPORT "klee-dev@imperial.ac.uk"
| #define PACKAGE_URL "https://klee.github.io"
| #define LLVM_VERSION_MAJOR 3
| #define LLVM_VERSION_MINOR 4
| #define LLVM_IS_RELEASE 1
| #define SUPPORT_KLEE_UCLIBC 1
| #define RUNTIME_CONFIGURATION "Release+Asserts"
| #define HAVE_CTYPE_EXTERNALS 1
| #define STDC_HEADERS 1
| #define HAVE_SYS_TYPES_H 1
| #define HAVE_SYS_STAT_H 1
| #define HAVE_STDLIB_H 1
| #define HAVE_STRING_H 1
| #define HAVE_MEMORY_H 1
| #define HAVE_STRINGS_H 1
| #define HAVE_INTTYPES_H 1
| #define HAVE_STDINT_H 1
| #define HAVE_UNISTD_H 1
| #define HAVE_SYS_CAPABILITY_H 1
| #define HAVE_MALLINFO 1
| #define SUPPORT_STP 1
| /* end confdefs.h.  */
| 
| /* Override any GCC internal prototype to avoid an error.
|    Use char because int might match the return type of a GCC
|    builtin and then its argument prototype would still apply.  */
| #ifdef __cplusplus
| extern "C"
| #endif
| char vc_setInterfaceFlags ();
| int
| main ()
| {
| return vc_setInterfaceFlags ();
|   ;
|   return 0;
| }
configure:4946: result: no
configure:4957: result: Could not link with libstp
configure:4967: checking for vc_setInterfaceFlags in -lstp
configure:4992: g++ -o conftest -g -O2   conftest.cpp -lstp -L/home/tannguyen/stp/build/lib -lminisat   >&5
configure:4992: $? = 0
configure:5001: result: yes
configure:5051: checking z3.h usability
configure:5051: g++ -c -g -O2  -I/home/tannguyen/z3/include conftest.cpp >&5
configure:5051: $? = 0
configure:5051: result: yes
configure:5051: checking z3.h presence
configure:5051: g++ -E  -I/home/tannguyen/z3/include conftest.cpp
configure:5051: $? = 0
configure:5051: result: yes
configure:5051: checking for z3.h
configure:5051: result: yes
configure:5284: creating ./config.status

## ---------------------- ##
## Running config.status. ##
## ---------------------- ##

This file was extended by KLEE config.status 1.1.0, which was
generated by GNU Autoconf 2.69.  Invocation command line was

  CONFIG_FILES    = 
  CONFIG_HEADERS  = 
  CONFIG_LINKS    = 
  CONFIG_COMMANDS = 
  $ ./config.status 

on tannguyen-Latitude-E5450

config.status:876: creating Makefile.config
config.status:876: creating docs/doxygen.cfg
config.status:876: creating include/klee/Config/config.h
config.status:1060: executing setup commands
config.status:1060: executing Makefile commands
config.status:1060: executing Makefile.common commands
config.status:1060: executing lib/Makefile commands
config.status:1060: executing runtime/Makefile commands
config.status:1060: executing test/Makefile commands
config.status:1060: executing test/Makefile.tests commands
config.status:1060: executing test/Concrete/Makefile commands
config.status:1060: executing tools/Makefile commands
config.status:1060: executing unittests/Makefile commands

## ---------------- ##
## Cache variables. ##
## ---------------- ##

ac_cv_build=x86_64-unknown-linux-gnu
ac_cv_c_compiler_gnu=yes
ac_cv_cxx_compiler_gnu=yes
ac_cv_env_CCC_set=
ac_cv_env_CCC_value=
ac_cv_env_CC_set=
ac_cv_env_CC_value=
ac_cv_env_CFLAGS_set=
ac_cv_env_CFLAGS_value=
ac_cv_env_CPPFLAGS_set=
ac_cv_env_CPPFLAGS_value=
ac_cv_env_CPP_set=
ac_cv_env_CPP_value=
ac_cv_env_CXXCPP_set=
ac_cv_env_CXXCPP_value=
ac_cv_env_CXXFLAGS_set=
ac_cv_env_CXXFLAGS_value=
ac_cv_env_CXX_set=
ac_cv_env_CXX_value=
ac_cv_env_LDFLAGS_set=
ac_cv_env_LDFLAGS_value=
ac_cv_env_LIBS_set=
ac_cv_env_LIBS_value=
ac_cv_env_build_alias_set=
ac_cv_env_build_alias_value=
ac_cv_env_host_alias_set=
ac_cv_env_host_alias_value=
ac_cv_env_target_alias_set=
ac_cv_env_target_alias_value=
ac_cv_func_malloc_zone_statistics=no
ac_cv_header_inttypes_h=yes
ac_cv_header_malloc_malloc_h=no
ac_cv_header_memory_h=yes
ac_cv_header_selinux_selinux_h=no
ac_cv_header_stdc=yes
ac_cv_header_stdint_h=yes
ac_cv_header_stdlib_h=yes
ac_cv_header_stp_c_interface_h=yes
ac_cv_header_string_h=yes
ac_cv_header_strings_h=yes
ac_cv_header_sys_acl_h=no
ac_cv_header_sys_capability_h=yes
ac_cv_header_sys_stat_h=yes
ac_cv_header_sys_types_h=yes
ac_cv_header_unistd_h=yes
ac_cv_header_z3_h=yes
ac_cv_host=x86_64-unknown-linux-gnu
ac_cv_lib_cap_cap_get_proc=yes
ac_cv_lib_stp_vc_setInterfaceFlags=yes
ac_cv_objext=o
ac_cv_path_EGREP='/bin/grep -E'
ac_cv_path_GREP=/bin/grep
ac_cv_prog_CPP='gcc -E'
ac_cv_prog_CXXCPP='g++ -E'
ac_cv_prog_ac_ct_CC=gcc
ac_cv_prog_ac_ct_CXX=g++
ac_cv_prog_cc_c89=
ac_cv_prog_cc_g=yes
ac_cv_prog_cxx_g=yes
ac_cv_search_mallinfo='none required'
ac_cv_target=x86_64-unknown-linux-gnu

## ----------------- ##
## Output variables. ##
## ----------------- ##

CC='gcc'
CFLAGS='-g -O2'
CPP='gcc -E'
CPPFLAGS=''
CXX='g++'
CXXCPP='g++ -E'
CXXFLAGS='-g -O2'
DEFS='-DHAVE_CONFIG_H'
ECHO_C=''
ECHO_N='-n'
ECHO_T=''
EGREP='/bin/grep -E'
ENABLE_METASMT='0'
ENABLE_POSIX_RUNTIME='1'
ENABLE_UCLIBC='1'
EXEEXT=''
GREP='/bin/grep'
HAVE_SELINUX='0'
KLEE_BITCODE_CXX_COMPILER='/usr/lib/llvm-3.4/build/Release/bin/clang++'
KLEE_BITCODE_C_COMPILER='/usr/lib/llvm-3.4/build/Release/bin/clang'
KLEE_HOST_CXX_COMPILER='g++'
KLEE_HOST_C_COMPILER='gcc'
KLEE_UCLIBC_BCA='/home/tannguyen/klee-uclibc/lib/libc.a'
KLEE_USE_CXX11='0'
LDFLAGS=''
LIBOBJS=''
LIBS='-lstp '
LLVM_BUILD_MODE='Release'
LLVM_IS_RELEASE='1'
LLVM_OBJ='/usr/lib/llvm-3.4/build'
LLVM_SRC='/usr/lib/llvm-3.4/build'
LLVM_VERSION_MAJOR='3'
LLVM_VERSION_MINOR='4'
LTLIBOBJS=''
METASMT_ROOT=''
OBJEXT='o'
PACKAGE_BUGREPORT='klee-dev@imperial.ac.uk'
PACKAGE_NAME='KLEE'
PACKAGE_STRING='KLEE 1.1.0'
PACKAGE_TARNAME='klee-'
PACKAGE_URL='https://klee.github.io'
PACKAGE_VERSION='1.1.0'
PATH_SEPARATOR=':'
REQUIRES_RTTI='0'
RUNTIME_CONFIGURATION=''
RUNTIME_DEBUG_SYMBOLS=''
RUNTIME_DISABLE_ASSERTIONS='0'
RUNTIME_ENABLE_OPTIMIZED='1'
SHELL='/bin/bash'
STP_CFLAGS='-I/home/tannguyen/stp/build/include'
STP_LDFLAGS='-L/home/tannguyen/stp/build/lib -lstp -lminisat'
Z3_CFLAGS='-I/home/tannguyen/z3/include'
Z3_LDFLAGS='-L/home/tannguyen/z3/lib -lz3'
ac_ct_CC='gcc'
ac_ct_CXX='g++'
bindir='${exec_prefix}/bin'
build='x86_64-unknown-linux-gnu'
build_alias=''
build_cpu='x86_64'
build_os='linux-gnu'
build_vendor='unknown'
clang=''
clang_cxx=''
datadir='${datarootdir}'
datarootdir='${prefix}/share'
docdir='${datarootdir}/doc/${PACKAGE_TARNAME}'
dvidir='${docdir}'
exec_prefix='${prefix}'
host='x86_64-unknown-linux-gnu'
host_alias=''
host_cpu='x86_64'
host_os='linux-gnu'
host_vendor='unknown'
htmldir='${docdir}'
includedir='${prefix}/include'
infodir='${datarootdir}/info'
libdir='${exec_prefix}/lib'
libexecdir='${exec_prefix}/libexec'
llvm_gcc=''
llvm_gxx=''
localedir='${datarootdir}/locale'
localstatedir='${prefix}/var'
mandir='${datarootdir}/man'
oldincludedir='/usr/include'
pdfdir='${docdir}'
prefix='/usr/local'
program_transform_name='s,x,x,'
psdir='${docdir}'
sbindir='${exec_prefix}/sbin'
sharedstatedir='${prefix}/com'
sysconfdir='${prefix}/etc'
target='x86_64-unknown-linux-gnu'
target_alias=''
target_cpu='x86_64'
target_os='linux-gnu'
target_vendor='unknown'

## ----------- ##
## confdefs.h. ##
## ----------- ##

/* confdefs.h */
#define PACKAGE_NAME "KLEE"
#define PACKAGE_TARNAME "klee-"
#define PACKAGE_VERSION "1.1.0"
#define PACKAGE_STRING "KLEE 1.1.0"
#define PACKAGE_BUGREPORT "klee-dev@imperial.ac.uk"
#define PACKAGE_URL "https://klee.github.io"
#define LLVM_VERSION_MAJOR 3
#define LLVM_VERSION_MINOR 4
#define LLVM_IS_RELEASE 1
#define SUPPORT_KLEE_UCLIBC 1
#define RUNTIME_CONFIGURATION "Release+Asserts"
#define HAVE_CTYPE_EXTERNALS 1
#define STDC_HEADERS 1
#define HAVE_SYS_TYPES_H 1
#define HAVE_SYS_STAT_H 1
#define HAVE_STDLIB_H 1
#define HAVE_STRING_H 1
#define HAVE_MEMORY_H 1
#define HAVE_STRINGS_H 1
#define HAVE_INTTYPES_H 1
#define HAVE_STDINT_H 1
#define HAVE_UNISTD_H 1
#define HAVE_SYS_CAPABILITY_H 1
#define HAVE_MALLINFO 1
#define SUPPORT_STP 1
#define HAVE_LIBSTP 1
#define SUPPORT_Z3 1

configure: exit 0
